[2025-08-07 15:01:11,715] 19 root - INFO - INFO - \U0001f527 Initializing ImageClassifier
[2025-08-07 15:01:11,715] 18 root - INFO - INFO - \U0001f504 Starting model loading process
[2025-08-07 15:01:11,715] 22 root - INFO - INFO - \U0001f4df Using device: cpu
[2025-08-07 15:01:11,803] 32 root - INFO - INFO - \u2705 Model loaded successfully on cpu
[2025-08-07 15:01:11,804] 22 root - INFO - INFO - \u2705 Model initialized and ready for inference.
[2025-08-07 15:01:18,602] 19 root - INFO - INFO - \U0001f527 Initializing ImageClassifier
[2025-08-07 15:01:18,602] 18 root - INFO - INFO - \U0001f504 Starting model loading process
[2025-08-07 15:01:18,607] 22 root - INFO - INFO - \U0001f4df Using device: cpu
[2025-08-07 15:01:18,841] 19 root - INFO - INFO - \U0001f527 Initializing ImageClassifier
[2025-08-07 15:01:18,842] 18 root - INFO - INFO - \U0001f504 Starting model loading process
[2025-08-07 15:01:18,843] 22 root - INFO - INFO - \U0001f4df Using device: cpu
[2025-08-07 15:01:18,946] 32 root - INFO - INFO - \u2705 Model loaded successfully on cpu
[2025-08-07 15:01:18,946] 22 root - INFO - INFO - \u2705 Model initialized and ready for inference.
[2025-08-07 15:01:19,367] 32 root - INFO - INFO - \u2705 Model loaded successfully on cpu
[2025-08-07 15:01:19,367] 22 root - INFO - INFO - \u2705 Model initialized and ready for inference.
[2025-08-07 15:01:19,379] 24 root - INFO - INFO - Detected URL: https://en.wikipedia.org/wiki/Cancer
[2025-08-07 15:01:19,379] 76 root - ERROR - ERROR - Exception in main Streamlit app:
[2025-08-07 15:01:19,379] 77 root - ERROR - ERROR - object of type 'coroutine' has no len()
[2025-08-07 15:01:25,305] 19 root - INFO - INFO - \U0001f527 Initializing ImageClassifier
[2025-08-07 15:01:25,306] 18 root - INFO - INFO - \U0001f504 Starting model loading process
[2025-08-07 15:01:25,306] 22 root - INFO - INFO - \U0001f4df Using device: cpu
[2025-08-07 15:01:25,557] 32 root - INFO - INFO - \u2705 Model loaded successfully on cpu
[2025-08-07 15:01:25,558] 22 root - INFO - INFO - \u2705 Model initialized and ready for inference.
[2025-08-07 15:01:25,562] 24 root - INFO - INFO - Detected URL: https://en.wikipedia.org/wiki/Cancer
[2025-08-07 15:01:25,563] 76 root - ERROR - ERROR - Exception in main Streamlit app:
[2025-08-07 15:01:25,563] 77 root - ERROR - ERROR - object of type 'coroutine' has no len()
