[2025-08-07 15:10:28,951] 19 root - INFO - INFO - \U0001f527 Initializing ImageClassifier
[2025-08-07 15:10:28,951] 18 root - INFO - INFO - \U0001f504 Starting model loading process
[2025-08-07 15:10:28,951] 22 root - INFO - INFO - \U0001f4df Using device: cpu
[2025-08-07 15:10:29,050] 32 root - INFO - INFO - \u2705 Model loaded successfully on cpu
[2025-08-07 15:10:29,050] 22 root - INFO - INFO - \u2705 Model initialized and ready for inference.
[2025-08-07 15:10:34,968] 19 root - INFO - INFO - \U0001f527 Initializing ImageClassifier
[2025-08-07 15:10:34,972] 18 root - INFO - INFO - \U0001f504 Starting model loading process
[2025-08-07 15:10:34,972] 22 root - INFO - INFO - \U0001f4df Using device: cpu
[2025-08-07 15:10:35,188] 19 root - INFO - INFO - \U0001f527 Initializing ImageClassifier
[2025-08-07 15:10:35,188] 18 root - INFO - INFO - \U0001f504 Starting model loading process
[2025-08-07 15:10:35,188] 22 root - INFO - INFO - \U0001f4df Using device: cpu
[2025-08-07 15:10:35,295] 32 root - INFO - INFO - \u2705 Model loaded successfully on cpu
[2025-08-07 15:10:35,295] 22 root - INFO - INFO - \u2705 Model initialized and ready for inference.
[2025-08-07 15:10:35,715] 32 root - INFO - INFO - \u2705 Model loaded successfully on cpu
[2025-08-07 15:10:35,715] 22 root - INFO - INFO - \u2705 Model initialized and ready for inference.
[2025-08-07 15:10:37,011] 31 root - INFO - INFO - \U0001f310 Opening: https://en.wikipedia.org/wiki/Cancer
[2025-08-07 15:10:44,182] 37 root - INFO - INFO - \U0001f5bc\ufe0f Found 40 image sources.
[2025-08-07 15:10:45,149] 55 root - INFO - INFO - \u274c Failed to decode image bytes: cannot identify image file <_io.BytesIO object at 0x000001E1D209A6B0>
[2025-08-07 15:10:45,150] 55 root - INFO - INFO - \u274c Failed to decode image bytes: cannot identify image file <_io.BytesIO object at 0x000001E1D209B2E0>
[2025-08-07 15:10:45,150] 55 root - INFO - INFO - \u274c Failed to decode image bytes: cannot identify image file <_io.BytesIO object at 0x000001E1D2099C10>
[2025-08-07 15:10:45,150] 55 root - INFO - INFO - \u274c Failed to decode image bytes: cannot identify image file <_io.BytesIO object at 0x000001E1D215C450>
[2025-08-07 15:10:45,277] 114 root - INFO - INFO - 
\u2705 Extracted 36 images.
[2025-08-07 15:10:45,277] 115 root - INFO - INFO - \u23f1\ufe0f Processing Time: 9.54 seconds
[2025-08-07 15:10:45,277] 116 root - INFO - INFO - \U0001f4be Memory Usage: Current = 2642.50 KB, Peak = 3764.57 KB
[2025-08-07 15:10:45,277] 117 root - INFO - INFO - Image Extraction Completed
[2025-08-07 15:10:45,277] 95 root - ERROR - ERROR - Exception in Streamlit main:
[2025-08-07 15:10:45,277] 96 root - ERROR - ERROR - 'ImageClassifier' object has no attribute 'classify_image'
