[2025-08-07 14:48:45,921] 19 root - INFO - INFO - \U0001f527 Initializing ImageClassifier
[2025-08-07 14:48:45,922] 18 root - INFO - INFO - \U0001f504 Starting model loading process
[2025-08-07 14:48:45,922] 22 root - INFO - INFO - \U0001f4df Using device: cpu
[2025-08-07 14:48:46,014] 32 root - INFO - INFO - \u2705 Model loaded successfully on cpu
[2025-08-07 14:48:46,014] 22 root - INFO - INFO - \u2705 Model initialized and ready for inference.
[2025-08-07 14:49:12,466] 19 root - INFO - INFO - \U0001f527 Initializing ImageClassifier
[2025-08-07 14:49:12,466] 18 root - INFO - INFO - \U0001f504 Starting model loading process
[2025-08-07 14:49:12,467] 22 root - INFO - INFO - \U0001f4df Using device: cpu
[2025-08-07 14:49:12,577] 32 root - INFO - INFO - \u2705 Model loaded successfully on cpu
[2025-08-07 14:49:12,577] 22 root - INFO - INFO - \u2705 Model initialized and ready for inference.
[2025-08-07 14:49:15,627] 19 root - INFO - INFO - \U0001f527 Initializing ImageClassifier
[2025-08-07 14:49:15,627] 18 root - INFO - INFO - \U0001f504 Starting model loading process
[2025-08-07 14:49:15,628] 22 root - INFO - INFO - \U0001f4df Using device: cpu
[2025-08-07 14:49:15,918] 32 root - INFO - INFO - \u2705 Model loaded successfully on cpu
[2025-08-07 14:49:15,920] 22 root - INFO - INFO - \u2705 Model initialized and ready for inference.
[2025-08-07 14:49:38,362] 19 root - INFO - INFO - \U0001f527 Initializing ImageClassifier
[2025-08-07 14:49:38,363] 18 root - INFO - INFO - \U0001f504 Starting model loading process
[2025-08-07 14:49:38,363] 22 root - INFO - INFO - \U0001f4df Using device: cpu
[2025-08-07 14:49:38,653] 32 root - INFO - INFO - \u2705 Model loaded successfully on cpu
[2025-08-07 14:49:38,653] 22 root - INFO - INFO - \u2705 Model initialized and ready for inference.
[2025-08-07 14:51:05,845] 19 root - INFO - INFO - \U0001f527 Initializing ImageClassifier
[2025-08-07 14:51:05,846] 18 root - INFO - INFO - \U0001f504 Starting model loading process
[2025-08-07 14:51:05,846] 22 root - INFO - INFO - \U0001f4df Using device: cpu
[2025-08-07 14:51:05,936] 32 root - INFO - INFO - \u2705 Model loaded successfully on cpu
[2025-08-07 14:51:05,936] 22 root - INFO - INFO - \u2705 Model initialized and ready for inference.
